
**** Clean-only build of configuration Debug for project ARM_HW ****

"C:\\ti\\ccsv5\\utils\\bin\\gmake" -k clean 
DEL /F  "ARM_HW.out"
Could Not Find C:\ti\Microprocessor\ARM_HW1\Debug\ARM_HW.out
DEL /F "hello.pp" "startup_ccs.pp" "utils\uartstdio.pp" "drivers\cfal96x64x16.pp" 
DEL /F "hello.obj" "startup_ccs.obj" "switch.obj" "utils\uartstdio.obj" "drivers\cfal96x64x16.obj" 
DEL /F "switch.pp" 
Could Not Find C:\ti\Microprocessor\ARM_HW1\Debug\switch.pp
'Finished clean'
' '

**** Build Finished ****

**** Build of configuration Debug for project ARM_HW ****

"C:\\ti\\ccsv5\\utils\\bin\\gmake" -k all 
'Building file: ../hello.c'
'Invoking: ARM Compiler'
"C:/ti/ccsv5/tools/compiler/arm_5.0.4/bin/armcl" -mv7M4 --code_state=16 --float_support=FPv4SPD16 --abi=eabi -me -O2 -g --include_path="C:/ti/ccsv5/tools/compiler/arm_5.0.4/include" --include_path="C:/ti/TivaWare_C_Series-1.1/examples/boards/dk-tm4c123g" --include_path="C:/ti/TivaWare_C_Series-1.1" --gcc --define=ccs="ccs" --define=PART_TM4C123GH6PGE --define=TARGET_IS_BLIZZARD_RA1 --diag_warning=225 --display_error_number --diag_wrap=off --gen_func_subsections=on --ual --preproc_with_compile --preproc_dependency="hello.pp"  "../hello.c"
"../hello.c", line 27: fatal error #5: could not open source file "inc/hw_memmap.h"
1 fatal error detected in the compilation of "../hello.c".
Compilation terminated.

>> Compilation failure
gmake: *** [hello.obj] Error 1
gmake: ../startup_ccs.c: Timestamp out of range; substituting 1970-01-01 09:00:00
'Building file: ../startup_ccs.c'
'Invoking: ARM Compiler'
"C:/ti/ccsv5/tools/compiler/arm_5.0.4/bin/armcl" -mv7M4 --code_state=16 --float_support=FPv4SPD16 --abi=eabi -me -O2 -g --include_path="C:/ti/ccsv5/tools/compiler/arm_5.0.4/include" --include_path="C:/ti/TivaWare_C_Series-1.1/examples/boards/dk-tm4c123g" --include_path="C:/ti/TivaWare_C_Series-1.1" --gcc --define=ccs="ccs" --define=PART_TM4C123GH6PGE --define=TARGET_IS_BLIZZARD_RA1 --diag_warning=225 --display_error_number --diag_wrap=off --gen_func_subsections=on --ual --preproc_with_compile --preproc_dependency="startup_ccs.pp"  "../startup_ccs.c"
"../startup_ccs.c", line 26: fatal error #5: could not open source file "inc/hw_nvic.h"
1 fatal error detected in the compilation of "../startup_ccs.c".
Compilation terminated.

>> Compilation failure
gmake: *** [startup_ccs.obj] Error 1
'Building file: ../switch.asm'
'Invoking: ARM Compiler'
"C:/ti/ccsv5/tools/compiler/arm_5.0.4/bin/armcl" -mv7M4 --code_state=16 --float_support=FPv4SPD16 --abi=eabi -me -O2 -g --include_path="C:/ti/ccsv5/tools/compiler/arm_5.0.4/include" --include_path="C:/ti/TivaWare_C_Series-1.1/examples/boards/dk-tm4c123g" --include_path="C:/ti/TivaWare_C_Series-1.1" --gcc --define=ccs="ccs" --define=PART_TM4C123GH6PGE --define=TARGET_IS_BLIZZARD_RA1 --diag_warning=225 --display_error_number --diag_wrap=off --gen_func_subsections=on --ual --preproc_with_compile --preproc_dependency="switch.pp"  "../switch.asm"
'Finished building: ../switch.asm'
' '
gmake: *** No rule to make target `C:/ti/TivaWare_C_Series-1.1/utils/uartstdio.c', needed by `utils/uartstdio.obj'.
gmake: *** No rule to make target `C:/ti/TivaWare_C_Series-1.1/examples/boards/dk-tm4c123g/drivers/cfal96x64x16.c', needed by `drivers/cfal96x64x16.obj'.
gmake: ../hello_ccs.cmd: Timestamp out of range; substituting 1970-01-01 09:00:00
gmake: Target `all' not remade because of errors.

**** Build Finished ****
